Added Component: Designator=C1(CCAP-5P0)
Add component (AddParameter): Name = "Value"; Value = ""; VariantName = "[No Variations]"
Add Component: Footprint Not Found ece-HDR1X4
Add Component: Footprint Not Found ece-HDR1X2
Add Component: Footprint Not Found ece-HDR1X2
Add Component: Footprint Not Found ece-HDR1X2
Add Component: Footprint Not Found ece-HDR1X2
Add Component: Footprint Not Found ece-HDR1X2
Add Component: Footprint Not Found ece-HDR1X2
Add Component: Footprint Not Found ece-HDR1X3
Add Component: Footprint Not Found ece-HDR1X3
Add Component: Footprint Not Found ece-HDR1X3
Add Component: Footprint Not Found ece-HDR1X3
Add Component: Footprint Not Found ece-HDR1X3
Added Component: Designator=R1(AXIAL-0.4)
Add component (AddParameter): Name = "ComponentLink1Description"; Value = "http://www.royalohm.com/pdf/product2017/PrecisionMetalMF.pdf"; VariantName = "[No Variations]"
Add component (AddParameter): Name = "LatestRevisionDate"; Value = "17-Jul-2002"; VariantName = "[No Variations]"
Add component (AddParameter): Name = "LatestRevisionNote"; Value = "Re-released for DXP Platform."; VariantName = "[No Variations]"
Add component (AddParameter): Name = "PackageReference"; Value = "AXIAL-0.4"; VariantName = "[No Variations]"
Add component (AddParameter): Name = "Published"; Value = "8-Jun-2000"; VariantName = "[No Variations]"
Add component (AddParameter): Name = "Publisher"; Value = "Altium Limited"; VariantName = "[No Variations]"
Add component (AddParameter): Name = "Value"; Value = ""; VariantName = "[No Variations]"
Added Component: Designator=R2(AXIAL-0.4)
Add component (AddParameter): Name = "ComponentLink1Description"; Value = "http://www.royalohm.com/pdf/product2017/PrecisionMetalMF.pdf"; VariantName = "[No Variations]"
Add component (AddParameter): Name = "LatestRevisionDate"; Value = "17-Jul-2002"; VariantName = "[No Variations]"
Add component (AddParameter): Name = "LatestRevisionNote"; Value = "Re-released for DXP Platform."; VariantName = "[No Variations]"
Add component (AddParameter): Name = "PackageReference"; Value = "AXIAL-0.4"; VariantName = "[No Variations]"
Add component (AddParameter): Name = "Published"; Value = "8-Jun-2000"; VariantName = "[No Variations]"
Add component (AddParameter): Name = "Publisher"; Value = "Altium Limited"; VariantName = "[No Variations]"
Add component (AddParameter): Name = "Value"; Value = ""; VariantName = "[No Variations]"
Added Component: Designator=R3(AXIAL-0.4)
Add component (AddParameter): Name = "ComponentLink1Description"; Value = "http://www.royalohm.com/pdf/product2017/PrecisionMetalMF.pdf"; VariantName = "[No Variations]"
Add component (AddParameter): Name = "LatestRevisionDate"; Value = "17-Jul-2002"; VariantName = "[No Variations]"
Add component (AddParameter): Name = "LatestRevisionNote"; Value = "Re-released for DXP Platform."; VariantName = "[No Variations]"
Add component (AddParameter): Name = "PackageReference"; Value = "AXIAL-0.4"; VariantName = "[No Variations]"
Add component (AddParameter): Name = "Published"; Value = "8-Jun-2000"; VariantName = "[No Variations]"
Add component (AddParameter): Name = "Publisher"; Value = "Altium Limited"; VariantName = "[No Variations]"
Add component (AddParameter): Name = "Value"; Value = ""; VariantName = "[No Variations]"
Added Component: Designator=U?(PCBComponent_1)
Added Pin To Net: NetName=MICout Pin=C1-1
Added Pin To Net: NetName=MICfilt Pin=C1-2
Add Pin To Net: Unknown Pin: Pin P1-3
Add Pin To Net: Unknown Pin: Pin P2-2
Add Pin To Net: Unknown Pin: Pin P3-2
Add Pin To Net: Unknown Pin: Pin P4-2
Add Pin To Net: Unknown Pin: Pin P5-2
Add Pin To Net: Unknown Pin: Pin P6-2
Add Pin To Net: Unknown Pin: Pin P7-2
Add Pin To Net: Unknown Pin: Pin P8-3
Add Pin To Net: Unknown Pin: Pin P9-3
Add Pin To Net: Unknown Pin: Pin P10-3
Add Pin To Net: Unknown Pin: Pin P11-3
Add Pin To Net: Unknown Pin: Pin P12-1
Add Pin To Net: Unknown Pin: Pin P12-3
Added Pin To Net: NetName=LED1in Pin=R1-1
Added Pin To Net: NetName=LED2in Pin=R2-1
Added Pin To Net: NetName=GND Pin=R3-1
Added Pin To Net: NetName=MICfilt Pin=R3-2
Added Pin To Net: NetName=GND Pin=U?-4
Added Pin To Net: NetName=LED1in Pin=U?-5
Added Pin To Net: NetName=LED2in Pin=U?-6
Added Pin To Net: NetName=MICfilt Pin=U?-19
Added Pin To Net: NetName=GND Pin=U?-29
Added Pin To Net: NetName=BUTT1out Pin=U?-10
Added Net: Name=BUTT1out
Added Pin To Net: NetName=BUTT2out Pin=U?-11
Added Net: Name=BUTT2out
Added Pin To Net: NetName=BUTT3out Pin=U?-12
Added Net: Name=BUTT3out
Added Pin To Net: NetName=HUSKY1 Pin=U?-24
Added Net: Name=HUSKY1
Added Pin To Net: NetName=HUSKY2 Pin=U?-23
Added Net: Name=HUSKY2
Added Pin To Net: NetName=NetP3_1 Pin=R1-2
Added Net: Name=NetP3_1
Added Pin To Net: NetName=NetP4_1 Pin=R2-2
Added Net: Name=NetP4_1
Added Pin To Net: NetName=SERVO1in Pin=U?-7
Added Net: Name=SERVO1in
Added Pin To Net: NetName=SERVO2in Pin=U?-8
Added Net: Name=SERVO2in
Added Pin To Net: NetName=SERVO3in Pin=U?-9
Added Net: Name=SERVO3in
Added Pin To Net: NetName=SPEAK Pin=U?-14
Added Net: Name=SPEAK
Added Pin To Net: NetName=VCC Pin=U?-27
Added Net: Name=VCC
Added Pin To Net: NetName=Vsupply Pin=U?-30
Added Net: Name=Vsupply
Added Member To Class: ClassName=ECSE_Comp Member=Component C1 *
Add Class Member: Failed to add class member : Component P1 Header 4
Add Class Member: Failed to add class member : Component P2 Header 2
Add Class Member: Failed to add class member : Component P3 Header 2
Add Class Member: Failed to add class member : Component P4 Header 2
Add Class Member: Failed to add class member : Component P5 Header 2
Add Class Member: Failed to add class member : Component P6 Header 2
Add Class Member: Failed to add class member : Component P7 Header 2
Add Class Member: Failed to add class member : Component P8 Header 3
Add Class Member: Failed to add class member : Component P9 Header 3
Add Class Member: Failed to add class member : Component P10 Header 3
Add Class Member: Failed to add class member : Component P11 Header 3
Add Class Member: Failed to add class member : Component P12 Header 3
Added Member To Class: ClassName=ECSE_Comp Member=Component R1 *
Added Member To Class: ClassName=ECSE_Comp Member=Component R2 *
Added Member To Class: ClassName=ECSE_Comp Member=Component R3 *
Added Member To Class: ClassName=ECSE_Comp Member=Component U? Arduino Nano
Added Rule: Name=Schematic Supply Nets
Added Rule: Name=Schematic Supply Nets_6
Added Rule: Name=Schematic Supply Nets_9
Added Rule: Name=Schematic Supply Nets_10
Added Rule: Name=Schematic Supply Nets_11
Added Rule: Name=Schematic Supply Nets_12
Added Rule: Name=Schematic Supply Nets_13
Added Rule: Name=Schematic Supply Nets_14
Added Rule: Name=Schematic Supply Nets_15
Added Rule: Name=Schematic Supply Nets_16
Added Rule: Name=Schematic Supply Nets_17
